<?xml version="1.0" encoding="UTF-8"?>
<!-- Generated by org.testng.reporters.JUnitReportReporter -->
<testsuite hostname="Tina_Bridjit" failures="0" tests="7" name="com.tutorialsninja.qa.testcases.Login" time="33.446" errors="0" timestamp="2023-09-16T17:34:15 EDT" skipped="0">
  <testcase classname="com.tutorialsninja.qa.testcases.Login" name="VerifyLoginWithValidCredentials" time="4.864"/>
  <testcase classname="com.tutorialsninja.qa.testcases.Login" name="VerifyLoginWithValidCredentials" time="5.572"/>
  <testcase classname="com.tutorialsninja.qa.testcases.Login" name="VerifyLoginWithValidCredentials" time="4.770"/>
  <testcase classname="com.tutorialsninja.qa.testcases.Login" name="VerifyLoginWithInvalidCredentials" time="4.641"/>
  <testcase classname="com.tutorialsninja.qa.testcases.Login" name="verifyEmailwithInvalidEmailandValidPassword" time="4.651"/>
  <testcase classname="com.tutorialsninja.qa.testcases.Login" name="verifyLoginwithValidEmailandInvalidPassword" time="4.532"/>
  <testcase classname="com.tutorialsninja.qa.testcases.Login" name="verifyLoginWithoutProvidingCredentials" time="4.416"/>
</testsuite> <!-- com.tutorialsninja.qa.testcases.Login -->
