<?xml version="1.0" encoding="UTF-8"?>
<!-- Generated by org.testng.reporters.JUnitReportReporter -->
<testsuite hostname="Tina_Bridjit" failures="0" tests="4" name="com.tutorialsninja.qa.testcases.Register" time="23.369" errors="0" timestamp="2023-09-16T17:34:15 EDT" skipped="0">
  <testcase classname="com.tutorialsninja.qa.testcases.Register" name="VerifyRegisteringAnAccountWithMandatoryFields" time="5.525"/>
  <testcase classname="com.tutorialsninja.qa.testcases.Register" name="VerifyRegisteringAccountbyProvidingAllTheFields" time="7.757"/>
  <testcase classname="com.tutorialsninja.qa.testcases.Register" name="VerifyRegisteringAccountWithExistingEmailAddress" time="5.237"/>
  <testcase classname="com.tutorialsninja.qa.testcases.Register" name="VerifyRegisteringAnAccountWithoutFillingAnyDetails" time="4.850"/>
</testsuite> <!-- com.tutorialsninja.qa.testcases.Register -->
