<?xml version="1.0" encoding="UTF-8"?>
<!-- Generated by org.testng.reporters.JUnitReportReporter -->
<testsuite hostname="Tina_Bridjit" failures="0" tests="3" name="com.tutorialsninja.qa.testcases.Search" time="15.469" errors="0" timestamp="2023-09-16T17:34:15 EDT" skipped="0">
  <testcase classname="com.tutorialsninja.qa.testcases.Search" name="VerifySearchWithValidProduct" time="4.414"/>
  <testcase classname="com.tutorialsninja.qa.testcases.Search" name="VerifySearchWithInvalidProduct" time="5.918"/>
  <testcase classname="com.tutorialsninja.qa.testcases.Search" name="VerifySearchWithoutAnyProduct" time="5.137"/>
</testsuite> <!-- com.tutorialsninja.qa.testcases.Search -->
