<?xml version="1.0" encoding="UTF-8"?>
<!-- Generated by org.testng.reporters.JUnitReportReporter -->
<testsuite hostname="Tina_Bridjit" failures="0" tests="4" name="com.tutorialsninja.qa.testcases.RegisterTest" time="22.216" errors="0" timestamp="2023-09-16T18:00:07 EDT" skipped="0">
  <testcase classname="com.tutorialsninja.qa.testcases.RegisterTest" name="VerifyRegisteringAnAccountWithMandatoryFields" time="5.686"/>
  <testcase classname="com.tutorialsninja.qa.testcases.RegisterTest" name="VerifyRegisteringAccountbyProvidingAllTheFields" time="5.461"/>
  <testcase classname="com.tutorialsninja.qa.testcases.RegisterTest" name="VerifyRegisteringAccountWithExistingEmailAddress" time="6.392"/>
  <testcase classname="com.tutorialsninja.qa.testcases.RegisterTest" name="VerifyRegisteringAnAccountWithoutFillingAnyDetails" time="4.677"/>
</testsuite> <!-- com.tutorialsninja.qa.testcases.RegisterTest -->
