<?xml version="1.0" encoding="UTF-8"?>
<!-- Generated by org.testng.reporters.JUnitReportReporter -->
<testsuite hostname="Tina_Bridjit" failures="0" tests="7" name="com.tutorialsninja.qa.testcases.LoginTest" time="33.888" errors="0" timestamp="2023-09-16T18:00:07 EDT" skipped="0">
  <testcase classname="com.tutorialsninja.qa.testcases.LoginTest" name="VerifyLoginWithValidCredentials" time="5.113"/>
  <testcase classname="com.tutorialsninja.qa.testcases.LoginTest" name="VerifyLoginWithValidCredentials" time="4.790"/>
  <testcase classname="com.tutorialsninja.qa.testcases.LoginTest" name="VerifyLoginWithValidCredentials" time="5.066"/>
  <testcase classname="com.tutorialsninja.qa.testcases.LoginTest" name="VerifyLoginWithInvalidCredentials" time="4.695"/>
  <testcase classname="com.tutorialsninja.qa.testcases.LoginTest" name="verifyEmailwithInvalidEmailandValidPassword" time="4.721"/>
  <testcase classname="com.tutorialsninja.qa.testcases.LoginTest" name="verifyLoginwithValidEmailandInvalidPassword" time="4.760"/>
  <testcase classname="com.tutorialsninja.qa.testcases.LoginTest" name="verifyLoginWithoutProvidingCredentials" time="4.743"/>
</testsuite> <!-- com.tutorialsninja.qa.testcases.LoginTest -->
