<?xml version="1.0" encoding="UTF-8"?>
<!-- Generated by org.testng.reporters.JUnitReportReporter -->
<testsuite hostname="Tina_Bridjit" failures="0" tests="3" name="com.tutorialsninja.qa.testcases.SearchTest" time="13.204" errors="0" timestamp="2023-09-16T18:00:07 EDT" skipped="0">
  <testcase classname="com.tutorialsninja.qa.testcases.SearchTest" name="VerifySearchWithValidProduct" time="4.116"/>
  <testcase classname="com.tutorialsninja.qa.testcases.SearchTest" name="VerifySearchWithInvalidProduct" time="4.874"/>
  <testcase classname="com.tutorialsninja.qa.testcases.SearchTest" name="VerifySearchWithoutAnyProduct" time="4.214"/>
</testsuite> <!-- com.tutorialsninja.qa.testcases.SearchTest -->
