<?xml version="1.0" encoding="UTF-8"?>
<!-- Generated by org.testng.reporters.JUnitReportReporter -->
<testsuite hostname="Tina_Bridjit" failures="0" tests="7" name="com.tutorialsninja.qa.testcases.LoginTest" time="33.863" errors="0" timestamp="2023-09-16T18:16:00 EDT" skipped="0">
  <testcase classname="com.tutorialsninja.qa.testcases.LoginTest" name="VerifyLoginWithValidCredentials" time="5.204"/>
  <testcase classname="com.tutorialsninja.qa.testcases.LoginTest" name="VerifyLoginWithValidCredentials" time="5.586"/>
  <testcase classname="com.tutorialsninja.qa.testcases.LoginTest" name="VerifyLoginWithValidCredentials" time="4.888"/>
  <testcase classname="com.tutorialsninja.qa.testcases.LoginTest" name="VerifyLoginWithInvalidCredentials" time="4.444"/>
  <testcase classname="com.tutorialsninja.qa.testcases.LoginTest" name="verifyEmailwithInvalidEmailandValidPassword" time="4.655"/>
  <testcase classname="com.tutorialsninja.qa.testcases.LoginTest" name="verifyLoginwithValidEmailandInvalidPassword" time="4.622"/>
  <testcase classname="com.tutorialsninja.qa.testcases.LoginTest" name="verifyLoginWithoutProvidingCredentials" time="4.464"/>
</testsuite> <!-- com.tutorialsninja.qa.testcases.LoginTest -->
