<?xml version="1.0" encoding="UTF-8"?>
<!-- Generated by org.testng.reporters.JUnitReportReporter -->
<testsuite hostname="Tina_Bridjit" failures="0" tests="4" name="com.tutorialsninja.qa.testcases.RegisterTest" time="22.402" errors="0" timestamp="2023-09-16T18:16:00 EDT" skipped="0">
  <testcase classname="com.tutorialsninja.qa.testcases.RegisterTest" name="VerifyRegisteringAnAccountWithMandatoryFields" time="5.581"/>
  <testcase classname="com.tutorialsninja.qa.testcases.RegisterTest" name="VerifyRegisteringAccountbyProvidingAllTheFields" time="5.654"/>
  <testcase classname="com.tutorialsninja.qa.testcases.RegisterTest" name="VerifyRegisteringAccountWithExistingEmailAddress" time="6.312"/>
  <testcase classname="com.tutorialsninja.qa.testcases.RegisterTest" name="VerifyRegisteringAnAccountWithoutFillingAnyDetails" time="4.855"/>
</testsuite> <!-- com.tutorialsninja.qa.testcases.RegisterTest -->
