<?xml version="1.0" encoding="UTF-8"?>
<!-- Generated by org.testng.reporters.JUnitReportReporter -->
<testsuite hostname="Tina_Bridjit" failures="0" tests="3" name="com.tutorialsninja.qa.testcases.SearchTest" time="12.817" errors="0" timestamp="2023-09-16T18:16:00 EDT" skipped="0">
  <testcase classname="com.tutorialsninja.qa.testcases.SearchTest" name="VerifySearchWithValidProduct" time="4.310"/>
  <testcase classname="com.tutorialsninja.qa.testcases.SearchTest" name="VerifySearchWithInvalidProduct" time="3.840"/>
  <testcase classname="com.tutorialsninja.qa.testcases.SearchTest" name="VerifySearchWithoutAnyProduct" time="4.667"/>
</testsuite> <!-- com.tutorialsninja.qa.testcases.SearchTest -->
